<?xml version="1.0" encoding="UTF-8"?>
<!-- Generated by org.testng.reporters.JUnitReportReporter -->
<testsuite skipped="0" hostname="Kwans-MacBook-Pro-2.local" name="testclasses.TestNG_TestParameters" tests="1" failures="0" timestamp="04 mar 2019 16:51:24 GMT" time="0.006" errors="0">
  <testcase name="testMethod1" time="0.006" classname="testclasses.TestNG_TestParameters"/>
</testsuite> <!-- testclasses.TestNG_TestParameters -->
