<?xml version="1.0" encoding="UTF-8"?>
<!-- Generated by org.testng.reporters.JUnitReportReporter -->
<testsuite skipped="0" hostname="Kwans-MacBook-Pro-2.local" name="testclasses.TestNG_Priority" tests="3" failures="0" timestamp="01 mar 2019 22:04:45 GMT" time="0.021" errors="0">
  <testcase name="testMethod3" time="0.010" classname="testclasses.TestNG_Priority"/>
  <testcase name="testMethod2" time="0.006" classname="testclasses.TestNG_Priority"/>
  <testcase name="testMethod1" time="0.005" classname="testclasses.TestNG_Priority"/>
</testsuite> <!-- testclasses.TestNG_Priority -->
