<?xml version="1.0" encoding="UTF-8"?>
<!-- Generated by org.testng.reporters.JUnitReportReporter -->
<testsuite skipped="0" hostname="Kwans-MacBook-Pro-2.local" name="testclasses.TestNG_TestClass2" tests="2" failures="0" timestamp="01 mar 2019 22:24:10 GMT" time="0.007" errors="0">
  <testcase name="testMethod1" time="0.002" classname="testclasses.TestNG_TestClass2"/>
  <testcase name="testMethod2" time="0.005" classname="testclasses.TestNG_TestClass2"/>
</testsuite> <!-- testclasses.TestNG_TestClass2 -->
