<?xml version="1.0" encoding="UTF-8"?>
<!-- Generated by org.testng.reporters.JUnitReportReporter -->
<testsuite skipped="0" hostname="Kwans-MacBook-Pro-2.local" name="testclasses.TestNG_Preserve2" tests="2" failures="0" timestamp="04 mar 2019 16:01:03 GMT" time="0.021" errors="0">
  <testcase name="testMethod1" time="0.014" classname="testclasses.TestNG_Preserve2"/>
  <testcase name="testMethod2" time="0.007" classname="testclasses.TestNG_Preserve2"/>
</testsuite> <!-- testclasses.TestNG_Preserve2 -->
