<?xml version="1.0" encoding="UTF-8"?>
<!-- Generated by org.testng.reporters.JUnitReportReporter -->
<testsuite skipped="0" hostname="Kwans-MacBook-Pro-2.local" name="testclasses.TestNG_Preserve1" tests="2" failures="0" timestamp="04 mar 2019 16:00:58 GMT" time="0.011" errors="0">
  <testcase name="testMethod1" time="0.004" classname="testclasses.TestNG_Preserve1"/>
  <testcase name="testMethod2" time="0.007" classname="testclasses.TestNG_Preserve1"/>
</testsuite> <!-- testclasses.TestNG_Preserve1 -->
