<?xml version="1.0" encoding="UTF-8"?>
<!-- Generated by org.testng.reporters.JUnitReportReporter -->
<testsuite skipped="0" hostname="Kwans-MacBook-Pro-2.local" name="testclasses.TestNG_DataProviders" tests="3" failures="0" timestamp="04 mar 2019 18:10:36 GMT" time="0.029" errors="0">
  <testcase name="testMethod1" time="0.009" classname="testclasses.TestNG_DataProviders"/>
  <testcase name="testMethod1" time="0.017" classname="testclasses.TestNG_DataProviders"/>
  <testcase name="testMethod1" time="0.003" classname="testclasses.TestNG_DataProviders"/>
</testsuite> <!-- testclasses.TestNG_DataProviders -->
