<?xml version="1.0" encoding="UTF-8"?>
<!-- Generated by org.testng.reporters.JUnitReportReporter -->
<testsuite skipped="0" hostname="Kwans-MacBook-Pro-2.local" name="testclasses.TestAnnotation" tests="3" failures="0" timestamp="27 Feb 2019 23:37:16 GMT" time="0.042" errors="0">
  <testcase name="testMethod2" time="0.006" classname="testclasses.TestAnnotation"/>
  <testcase name="testMethod1" time="0.034" classname="testclasses.TestAnnotation"/>
  <testcase name="testMethod3" time="0.002" classname="testclasses.TestAnnotation"/>
</testsuite> <!-- testclasses.TestAnnotation -->
