<?xml version="1.0" encoding="UTF-8"?>
<!-- Generated by org.testng.reporters.JUnitReportReporter -->
<testsuite skipped="1" hostname="Kwans-MacBook-Pro-2.local" name="testclasses.TestNG_EnableTimeout" tests="2" failures="0" timestamp="01 mar 2019 23:31:05 GMT" time="0.220" errors="0">
  <testcase name="testMethod2" time="0.220" classname="testclasses.TestNG_EnableTimeout"/>
  <testcase name="testMethod1" classname="testclasses.TestNG_EnableTimeout">
    <skipped/>
  </testcase> <!-- testMethod1 -->
</testsuite> <!-- testclasses.TestNG_EnableTimeout -->
