<?xml version="1.0" encoding="UTF-8"?>
<!-- Generated by org.testng.reporters.JUnitReportReporter -->
<testsuite skipped="0" hostname="Kwans-MacBook-Pro-2.local" name="testclasses.TestNG_Grouping" tests="2" failures="0" timestamp="01 mar 2019 22:34:04 GMT" time="0.017" errors="0">
  <testcase name="testBMWX6" time="0.002" classname="testclasses.TestNG_Grouping"/>
  <testcase name="testAudiA6" time="0.015" classname="testclasses.TestNG_Grouping"/>
</testsuite> <!-- testclasses.TestNG_Grouping -->
