<?xml version="1.0" encoding="UTF-8"?>
<!-- Generated by org.testng.reporters.JUnitReportReporter -->
<testsuite skipped="0" hostname="Kwans-MacBook-Pro-2.local" name="regressionsuite.TestNG_TestClass1" tests="2" failures="0" timestamp="05 mar 2019 23:34:12 GMT" time="0.025" errors="0">
  <testcase name="testMethod1" time="0.015" classname="regressionsuite.TestNG_TestClass1"/>
  <testcase name="testMethod2" time="0.010" classname="regressionsuite.TestNG_TestClass1"/>
</testsuite> <!-- regressionsuite.TestNG_TestClass1 -->
