<?xml version="1.0" encoding="UTF-8"?>
<!-- Generated by org.testng.reporters.JUnitReportReporter -->
<testsuite skipped="0" hostname="Kwans-MacBook-Pro-2.local" name="testclasses.TestNG_SeleniumParametersParallelExample" tests="2" failures="0" timestamp="05 mar 2019 22:28:41 GMT" time="19.294" errors="0">
  <testcase name="testLogin" time="7.596" classname="testclasses.TestNG_SeleniumParametersParallelExample"/>
  <testcase name="testLogin" time="11.698" classname="testclasses.TestNG_SeleniumParametersParallelExample"/>
</testsuite> <!-- testclasses.TestNG_SeleniumParametersParallelExample -->
