<?xml version="1.0" encoding="UTF-8"?>
<!-- Generated by org.testng.reporters.JUnitReportReporter -->
<testsuite skipped="0" hostname="Kwans-MacBook-Pro-2.local" name="testclasses.TestNG_TestParallel2" tests="2" failures="0" timestamp="04 mar 2019 17:08:31 GMT" time="12.029" errors="0">
  <testcase name="testMethod2" time="6.006" classname="testclasses.TestNG_TestParallel2"/>
  <testcase name="testMethod1" time="6.023" classname="testclasses.TestNG_TestParallel2"/>
</testsuite> <!-- testclasses.TestNG_TestParallel2 -->
