<?xml version="1.0" encoding="UTF-8"?>
<!-- Generated by org.testng.reporters.JUnitReportReporter -->
<testsuite skipped="0" hostname="Kwans-MacBook-Pro-2.local" name="testclasses.TestNG_BeforeClassAnnotations" tests="2" failures="0" timestamp="28 feb 2019 17:15:10 GMT" time="0.017" errors="0">
  <testcase name="testMethod1" time="0.012" classname="testclasses.TestNG_BeforeClassAnnotations"/>
  <testcase name="testMethod2" time="0.005" classname="testclasses.TestNG_BeforeClassAnnotations"/>
</testsuite> <!-- testclasses.TestNG_BeforeClassAnnotations -->
