<?xml version="1.0" encoding="UTF-8"?>
<!-- Generated by org.testng.reporters.JUnitReportReporter -->
<testsuite skipped="0" hostname="Kwans-MacBook-Pro-2.local" name="regressionsuite.TestNG_TestClass2" tests="2" failures="0" timestamp="05 mar 2019 23:34:07 GMT" time="0.008" errors="0">
  <testcase name="testMethod1" time="0.005" classname="regressionsuite.TestNG_TestClass2"/>
  <testcase name="testMethod2" time="0.003" classname="regressionsuite.TestNG_TestClass2"/>
</testsuite> <!-- regressionsuite.TestNG_TestClass2 -->
